  main.cpp
C:\Users\Mana\Documents\GitHub\data-structures-in-cpp\main.cpp(230,23): warning C4018: '<': signed/unsigned mismatch
C:\Users\Mana\Documents\GitHub\data-structures-in-cpp\huffman_encoding.h(285,67): warning C4309: 'initializing': truncation of constant value
C:\Users\Mana\Documents\GitHub\data-structures-in-cpp\huffman_encoding.h(278): message : while compiling class template member function 'dtype *HMENC::HMTree<dtype>::Decode(BS::RtBitset *,unsigned int)'
          with
          [
              dtype=unsigned long
          ]
C:\Users\Mana\Documents\GitHub\data-structures-in-cpp\main.cpp(228): message : see reference to function template instantiation 'dtype *HMENC::HMTree<dtype>::Decode(BS::RtBitset *,unsigned int)' being compiled
          with
          [
              dtype=unsigned long
          ]
C:\Users\Mana\Documents\GitHub\data-structures-in-cpp\main.cpp(222): message : see reference to class template instantiation 'HMENC::HMTree<unsigned long>' being compiled
C:\Users\Mana\Documents\GitHub\data-structures-in-cpp\huffman_encoding.h(186,1): warning C4267: 'initializing': conversion from 'size_t' to 'unsigned int', possible loss of data
C:\Users\Mana\Documents\GitHub\data-structures-in-cpp\huffman_encoding.h(112): message : while compiling class template member function 'BS::RtBitset *HMENC::HMTree<unsigned long>::Encode(dtype *,unsigned int)'
          with
          [
              dtype=unsigned long
          ]
C:\Users\Mana\Documents\GitHub\data-structures-in-cpp\main.cpp(223): message : see reference to function template instantiation 'BS::RtBitset *HMENC::HMTree<unsigned long>::Encode(dtype *,unsigned int)' being compiled
          with
          [
              dtype=unsigned long
          ]
C:\Users\Mana\Documents\GitHub\data-structures-in-cpp\huffman_encoding.h(240): error C2102: '&' requires l-value
C:\Users\Mana\Documents\GitHub\data-structures-in-cpp\huffman_encoding.h(240,1): warning C4267: 'argument': conversion from 'size_t' to 'unsigned int', possible loss of data
C:\Users\Mana\Documents\GitHub\data-structures-in-cpp\huffman_encoding.h(251,18): error C2100: illegal indirection
C:\Users\Mana\Documents\GitHub\data-structures-in-cpp\huffman_encoding.h(261,1): error C2440: 'initializing': cannot convert from 'std::_List_iterator<std::_List_val<std::_List_simple_types<_Ty>>>' to 'BS::RtBitset *'
          with
          [
              _Ty=std::pair<const unsigned long,BS::RtBitset *>
          ]
C:\Users\Mana\Documents\GitHub\data-structures-in-cpp\huffman_encoding.h(261,31): message : No user-defined-conversion operator available that can perform this conversion, or the operator cannot be called
C:\Users\Mana\Documents\GitHub\data-structures-in-cpp\huffman_encoding.h(266,1): error C2451: a conditional expression of type 'BS::RtBitset' is not valid
C:\Users\Mana\Documents\GitHub\data-structures-in-cpp\huffman_encoding.h(266,23): message : No user-defined-conversion operator available that can perform this conversion, or the operator cannot be called
